<?xml version="1.0" encoding="UTF-8"?>
<testng-results ignored="0" total="1" passed="0" failed="1" skipped="0">
  <reporter-output>
    <line>
      <![CDATA[Clicked on Organizations link]]>
    </line>
    <line>
      <![CDATA[Clicked on create Organizations]]>
    </line>
    <line>
      <![CDATA[Entered organization name]]>
    </line>
    <line>
      <![CDATA[Entered website]]>
    </line>
    <line>
      <![CDATA[Entered Number of employees]]>
    </line>
    <line>
      <![CDATA[Selected industry ]]>
    </line>
    <line>
      <![CDATA[Selected type]]>
    </line>
    <line>
      <![CDATA[Selected assign type]]>
    </line>
    <line>
      <![CDATA[Entered phone number]]>
    </line>
    <line>
      <![CDATA[Entered Email]]>
    </line>
    <line>
      <![CDATA[Entered annual revenue]]>
    </line>
    <line>
      <![CDATA[Entered annual billing address]]>
    </line>
    <line>
      <![CDATA[Clicked on save button]]>
    </line>
  </reporter-output>
  <suite started-at="2020-06-08T03:23:32Z" name="Default suite" finished-at="2020-06-08T03:24:15Z" duration-ms="43561">
    <groups>
      <group name="smoke">
        <method signature="CreateOrganistion.createorganationTest(java.lang.String, java.lang.String, java.lang.String, java.lang.String, java.lang.String, java.lang.String, java.lang.String, java.lang.String, java.lang.String, java.lang.String)[pri:0, instance:com.Vtiger.testScripts.CreateOrganistion@3f6f6701]" name="createorganationTest" class="com.Vtiger.testScripts.CreateOrganistion"/>
      </group> <!-- smoke -->
    </groups>
    <test started-at="2020-06-08T03:23:32Z" name="Default test" finished-at="2020-06-08T03:24:15Z" duration-ms="43561">
      <class name="com.Vtiger.testScripts.CreateOrganistion">
        <test-method is-config="true" signature="configBc()[pri:0, instance:com.Vtiger.testScripts.CreateOrganistion@3f6f6701]" started-at="2020-06-08T03:23:32Z" name="configBc" finished-at="2020-06-08T03:23:40Z" duration-ms="8670" status="PASS">
          <reporter-output>
          </reporter-output>
        </test-method> <!-- configBc -->
        <test-method signature="createorganationTest(java.lang.String, java.lang.String, java.lang.String, java.lang.String, java.lang.String, java.lang.String, java.lang.String, java.lang.String, java.lang.String, java.lang.String)[pri:0, instance:com.Vtiger.testScripts.CreateOrganistion@3f6f6701]" started-at="2020-06-08T03:23:40Z" name="createorganationTest" data-provider="giveData" finished-at="2020-06-08T03:24:14Z" duration-ms="33084" status="FAIL">
          <exception class="org.openqa.selenium.UnhandledAlertException">
            <message>
              <![CDATA[unexpected alert open: {Alert text : Organization Name Already Exists!}
  (Session info: chrome=83.0.4103.97): Organization Name Already Exists!
Build info: version: '3.141.59', revision: 'e82be7d358', time: '2018-11-14T08:17:03'
System info: host: 'LAPTOP-VTJS6APB', ip: '192.168.43.199', os.name: 'Windows 10', os.arch: 'amd64', os.version: '10.0', java.version: '13.0.1'
Driver info: org.openqa.selenium.chrome.ChromeDriver
Capabilities {acceptInsecureCerts: false, browserName: chrome, browserVersion: 83.0.4103.97, chrome: {chromedriverVersion: 83.0.4103.39 (ccbf011cb2d2b..., userDataDir: C:\Users\Hp\AppData\Local\T...}, goog:chromeOptions: {debuggerAddress: localhost:50109}, javascriptEnabled: true, networkConnectionEnabled: false, pageLoadStrategy: normal, platform: WINDOWS, platformName: WINDOWS, proxy: Proxy(), setWindowRect: true, strictFileInteractability: false, timeouts: {implicit: 0, pageLoad: 300000, script: 30000}, unhandledPromptBehavior: dismiss and notify, webauthn:virtualAuthenticators: true}
Session ID: b14f8d25a36b6cc1ee7492970d1017a7]]>
            </message>
            <full-stacktrace>
              <![CDATA[org.openqa.selenium.UnhandledAlertException: unexpected alert open: {Alert text : Organization Name Already Exists!}
  (Session info: chrome=83.0.4103.97): Organization Name Already Exists!
Build info: version: '3.141.59', revision: 'e82be7d358', time: '2018-11-14T08:17:03'
System info: host: 'LAPTOP-VTJS6APB', ip: '192.168.43.199', os.name: 'Windows 10', os.arch: 'amd64', os.version: '10.0', java.version: '13.0.1'
Driver info: org.openqa.selenium.chrome.ChromeDriver
Capabilities {acceptInsecureCerts: false, browserName: chrome, browserVersion: 83.0.4103.97, chrome: {chromedriverVersion: 83.0.4103.39 (ccbf011cb2d2b..., userDataDir: C:\Users\Hp\AppData\Local\T...}, goog:chromeOptions: {debuggerAddress: localhost:50109}, javascriptEnabled: true, networkConnectionEnabled: false, pageLoadStrategy: normal, platform: WINDOWS, platformName: WINDOWS, proxy: Proxy(), setWindowRect: true, strictFileInteractability: false, timeouts: {implicit: 0, pageLoad: 300000, script: 30000}, unhandledPromptBehavior: dismiss and notify, webauthn:virtualAuthenticators: true}
Session ID: b14f8d25a36b6cc1ee7492970d1017a7
at org.openqa.selenium.remote.http.W3CHttpResponseCodec.decode(W3CHttpResponseCodec.java:120)
at org.openqa.selenium.remote.http.W3CHttpResponseCodec.decode(W3CHttpResponseCodec.java:49)
at org.openqa.selenium.remote.HttpCommandExecutor.execute(HttpCommandExecutor.java:158)
at org.openqa.selenium.remote.service.DriverCommandExecutor.execute(DriverCommandExecutor.java:83)
at org.openqa.selenium.remote.RemoteWebDriver.execute(RemoteWebDriver.java:552)
at org.openqa.selenium.remote.RemoteWebDriver.execute(RemoteWebDriver.java:609)
at org.openqa.selenium.remote.RemoteWebDriver.getScreenshotAs(RemoteWebDriver.java:295)
at com.Vtiger.genericLib.ListenerImp.onTestFailure(ListenerImp.java:36)
at org.testng.internal.TestListenerHelper.runTestListeners(TestListenerHelper.java:67)
at org.testng.internal.Invoker.runTestListeners(Invoker.java:1389)
at org.testng.internal.Invoker.invokeMethod(Invoker.java:636)
at org.testng.internal.Invoker.invokeTestMethod(Invoker.java:719)
at org.testng.internal.Invoker.invokeTestMethods(Invoker.java:989)
at org.testng.internal.TestMethodWorker.invokeTestMethods(TestMethodWorker.java:125)
at org.testng.internal.TestMethodWorker.run(TestMethodWorker.java:109)
at org.testng.TestRunner.privateRun(TestRunner.java:648)
at org.testng.TestRunner.run(TestRunner.java:505)
at org.testng.SuiteRunner.runTest(SuiteRunner.java:455)
at org.testng.SuiteRunner.runSequentially(SuiteRunner.java:450)
at org.testng.SuiteRunner.privateRun(SuiteRunner.java:415)
at org.testng.SuiteRunner.run(SuiteRunner.java:364)
at org.testng.SuiteRunnerWorker.runSuite(SuiteRunnerWorker.java:52)
at org.testng.SuiteRunnerWorker.run(SuiteRunnerWorker.java:84)
at org.testng.TestNG.runSuitesSequentially(TestNG.java:1208)
at org.testng.TestNG.runSuitesLocally(TestNG.java:1137)
at org.testng.TestNG.runSuites(TestNG.java:1049)
at org.testng.TestNG.run(TestNG.java:1017)
at org.testng.remote.AbstractRemoteTestNG.run(AbstractRemoteTestNG.java:115)
at org.testng.remote.RemoteTestNG.initAndRun(RemoteTestNG.java:251)
at org.testng.remote.RemoteTestNG.main(RemoteTestNG.java:77)
]]>
            </full-stacktrace>
          </exception> <!-- org.openqa.selenium.UnhandledAlertException -->
          <reporter-output>
          </reporter-output>
        </test-method> <!-- createorganationTest -->
        <test-method is-config="true" signature="cofigBm()[pri:0, instance:com.Vtiger.testScripts.CreateOrganistion@3f6f6701]" started-at="2020-06-08T03:23:42Z" name="cofigBm" finished-at="2020-06-08T03:23:54Z" duration-ms="12050" status="PASS">
          <reporter-output>
          </reporter-output>
        </test-method> <!-- cofigBm -->
        <test-method is-config="true" signature="configAc()[pri:0, instance:com.Vtiger.testScripts.CreateOrganistion@3f6f6701]" started-at="2020-06-08T03:24:14Z" name="configAc" finished-at="2020-06-08T03:24:15Z" duration-ms="1143" status="PASS">
          <reporter-output>
          </reporter-output>
        </test-method> <!-- configAc -->
      </class> <!-- com.Vtiger.testScripts.CreateOrganistion -->
    </test> <!-- Default test -->
  </suite> <!-- Default suite -->
</testng-results>
